<?xml version="1.0" encoding="UTF-8"?>
<!-- Generated by org.testng.reporters.JUnitReportReporter -->
<testsuite hostname="priyabratas-MacBook-Air.local" failures="0" tests="2" name="scripts1.TestNGBasics" time="18.150" errors="0" timestamp="2021-08-09T21:38:45 IST" skipped="0">
  <testcase classname="scripts1.TestNGBasics" name="verifyPageTitleTest" time="10.072"/>
  <system-out/>
  <testcase classname="scripts1.TestNGBasics" name="FreeCRMLogoTest" time="8.078"/>
  <system-out/>
</testsuite> <!-- scripts1.TestNGBasics -->
