<?xml version="1.0" encoding="UTF-8"?>
<!-- Generated by org.testng.reporters.JUnitReportReporter -->
<testsuite hostname="priyabratas-MacBook-Air.local" failures="0" tests="1" name="scripts1.Testng5" time="10.098" errors="0" timestamp="2021-07-17T17:59:51 IST" skipped="0">
  <testcase classname="scripts1.Testng5" name="f" time="10.098"/>
  <system-out/>
</testsuite> <!-- scripts1.Testng5 -->
